#
# A fatal error has been detected by the Java Runtime Environment:
#
#  EXCEPTION_ACCESS_VIOLATION (0xc0000005) at pc=0x000000000263f8f2, pid=9060, tid=8584
#
# JRE version: 7.0_13-b20
# Java VM: Java HotSpot(TM) 64-Bit Server VM (23.7-b01 mixed mode windows-amd64 compressed oops)
# Problematic frame:
# C  0x000000000263f8f2
#
# Failed to write core dump. Minidumps are not enabled by default on client versions of Windows
#
# If you would like to submit a bug report, please visit:
#   http://bugreport.sun.com/bugreport/crash.jsp
# The crash happened outside the Java Virtual Machine in native code.
# See problematic frame for where to report the bug.
#

---------------  T H R E A D  ---------------

Current thread (0x0000000010f26800):  JavaThread "AWT-EventQueue-0" [_thread_in_native, id=8584, stack(0x0000000013c30000,0x0000000013d30000)]

siginfo: ExceptionCode=0xc0000005, reading address 0x00000000111c567c

Registers:
RAX=0x000000001ca60138, RBX=0x000000000ea20000, RCX=0x0000000000030419, RDX=0x0000000025a90078
RSP=0x0000000013d2db78, RBP=0x00000000411bf905, RSI=0x00000000111c567c, RDI=0x0000000000090c4b
R8 =0x0000000025a90040, R9 =0x000000000002aaa9, R10=0x000000000ea88f88, R11=0x0000000025b3aae4
R12=0x00000000003fffd8, R13=0x000000001ca60000, R14=0x000000000002aaa9, R15=0x0000000025a90040
RIP=0x000000000263f8f2, EFLAGS=0x0000000000010206

Top of Stack: (sp=0x0000000013d2db78)
0x0000000013d2db78:   0000000017b2cfd0 000000000ea20000
0x0000000013d2db88:   0000000000000000 000000001edfc100
0x0000000013d2db98:   00000000149edaae 000000000002aaa9
0x0000000013d2dba8:   0000000025a90040 0000000000000000
0x0000000013d2dbb8:   0000000000000005 000000001b766450
0x0000000013d2dbc8:   000000001b766450 0000000017b2cfd0
0x0000000013d2dbd8:   0000000017b2cfd0 0000000000000000
0x0000000013d2dbe8:   0000000000000000 0000000000000000
0x0000000013d2dbf8:   000000000002aaa9 0000000025a90040
0x0000000013d2dc08:   000000000263f880 000000000ea67010
0x0000000013d2dc18:   0000000059bc0000 0000000016965180
0x0000000013d2dc28:   0000000000000000 0000000000000040
0x0000000013d2dc38:   0000000000000000 0000000000000000
0x0000000013d2dc48:   0000000000000000 0000000000000000
0x0000000013d2dc58:   0000000001800000 0000000000000000
0x0000000013d2dc68:   0000000000000000 0000000000000000 

Instructions: (pc=0x000000000263f8f2)
0x000000000263f8d2:   08 89 78 08 48 be 90 7a a6 0e 00 00 00 00 48 8b
0x000000000263f8e2:   36 48 8b b6 c0 03 00 00 48 8d 3c 49 48 8d 34 be
0x000000000263f8f2:   8b 3e 8b 6e 04 89 78 0c 89 68 10 8b 7e 08 89 78
0x000000000263f902:   14 48 83 c0 18 49 3b d3 75 8e 5f 5e 5b 5d c3 00 


Register to memory mapping:

RAX=0x000000001ca60138 is an unknown value
RBX=0x000000000ea20000 is an unknown value
RCX=0x0000000000030419 is an unknown value
RDX=0x0000000025a90078 is an unknown value
RSP=0x0000000013d2db78 is pointing into the stack for thread: 0x0000000010f26800
RBP=0x00000000411bf905 is an unknown value
RSI=0x00000000111c567c is pointing into the stack for thread: 0x0000000010daa000
RDI=0x0000000000090c4b is an unknown value
R8 =0x0000000025a90040 is an unknown value
R9 =0x000000000002aaa9 is an unknown value
R10=0x000000000ea88f88 is an unknown value
R11=0x0000000025b3aae4 is an unknown value
R12=0x00000000003fffd8 is an unknown value
R13=0x000000001ca60000 is an unknown value
R14=0x000000000002aaa9 is an unknown value
R15=0x0000000025a90040 is an unknown value


Stack: [0x0000000013c30000,0x0000000013d30000],  sp=0x0000000013d2db78,  free space=1014k
Native frames: (J=compiled Java code, j=interpreted, Vv=VM code, C=native code)
C  0x000000000263f8f2

Java frames: (J=compiled Java code, j=interpreted, Vv=VM code)
J  jogamp.opengl.gl4.GL4bcImpl.dispatch_glDrawElements1(IIILjava/lang/Object;IZJ)V
J  jogamp.opengl.gl4.GL4bcImpl.glDrawElements(IIILjava/nio/Buffer;)V
J  bates.jamie.graphics.entity.Quadtree.renderGeometry(Ljavax/media/opengl/GL2;)V
j  bates.jamie.graphics.entity.Quadtree.renderAlpha(Ljavax/media/opengl/GL2;)V+38
j  bates.jamie.graphics.entity.Terrain.renderWater(Ljavax/media/opengl/GL2;)V+48
j  bates.jamie.graphics.scene.Scene.display(Ljavax/media/opengl/GLAutoDrawable;)V+463
j  jogamp.opengl.GLDrawableHelper.displayImpl(Ljavax/media/opengl/GLAutoDrawable;)V+47
j  jogamp.opengl.GLDrawableHelper.display(Ljavax/media/opengl/GLAutoDrawable;)V+2
j  javax.media.opengl.awt.GLCanvas$7.run()V+118
j  jogamp.opengl.GLDrawableHelper.invokeGLImpl(Ljavax/media/opengl/GLDrawable;Ljavax/media/opengl/GLContext;Ljava/lang/Runnable;Ljava/lang/Runnable;Ljavax/media/opengl/GLAutoDrawable;)V+137
j  jogamp.opengl.GLDrawableHelper.invokeGL(Ljavax/media/opengl/GLDrawable;Ljavax/media/opengl/GLContext;Ljava/lang/Runnable;Ljava/lang/Runnable;)V+85
j  javax.media.opengl.awt.GLCanvas$9.run()V+59
j  java.awt.event.InvocationEvent.dispatch()V+11
j  java.awt.EventQueue.dispatchEventImpl(Ljava/awt/AWTEvent;Ljava/lang/Object;)V+21
j  java.awt.EventQueue.access$200(Ljava/awt/EventQueue;Ljava/awt/AWTEvent;Ljava/lang/Object;)V+3
j  java.awt.EventQueue$3.run()Ljava/lang/Void;+12
j  java.awt.EventQueue$3.run()Ljava/lang/Object;+1
v  ~StubRoutines::call_stub
j  java.security.AccessController.doPrivileged(Ljava/security/PrivilegedAction;Ljava/security/AccessControlContext;)Ljava/lang/Object;+0
j  java.security.ProtectionDomain$1.doIntersectionPrivilege(Ljava/security/PrivilegedAction;Ljava/security/AccessControlContext;Ljava/security/AccessControlContext;)Ljava/lang/Object;+28
j  java.awt.EventQueue.dispatchEvent(Ljava/awt/AWTEvent;)V+46
j  java.awt.EventDispatchThread.pumpOneEventForFilters(I)V+245
j  java.awt.EventDispatchThread.pumpEventsForFilter(ILjava/awt/Conditional;Ljava/awt/EventFilter;)V+35
j  java.awt.EventDispatchThread.pumpEventsForHierarchy(ILjava/awt/Conditional;Ljava/awt/Component;)V+11
j  java.awt.EventDispatchThread.pumpEvents(ILjava/awt/Conditional;)V+4
j  java.awt.EventDispatchThread.pumpEvents(Ljava/awt/Conditional;)V+3
j  java.awt.EventDispatchThread.run()V+9
v  ~StubRoutines::call_stub

---------------  P R O C E S S  ---------------

Java Threads: ( => current thread )
  0x000000001394a800 JavaThread "TimerQueue" daemon [_thread_blocked, id=10128, stack(0x000000001aeb0000,0x000000001afb0000)]
  0x00000000132e2800 JavaThread "Thread-8" daemon [_thread_in_native, id=6540, stack(0x000000001ab30000,0x000000001ac30000)]
  0x000000000251d800 JavaThread "DestroyJavaVM" [_thread_blocked, id=7328, stack(0x00000000028a0000,0x00000000029a0000)]
  0x00000000137da000 JavaThread "Timer-0" [_thread_blocked, id=2384, stack(0x00000000191d0000,0x00000000192d0000)]
  0x0000000011014800 JavaThread "main-SharedResourceRunner" daemon [_thread_blocked, id=7716, stack(0x0000000013d50000,0x0000000013e50000)]
=>0x0000000010f26800 JavaThread "AWT-EventQueue-0" [_thread_in_native, id=8584, stack(0x0000000013c30000,0x0000000013d30000)]
  0x0000000010e80800 JavaThread "AWT-Windows" daemon [_thread_in_native, id=2540, stack(0x0000000011d60000,0x0000000011e60000)]
  0x0000000010eed800 JavaThread "AWT-Shutdown" [_thread_blocked, id=7388, stack(0x0000000011ba0000,0x0000000011ca0000)]
  0x0000000010f7c000 JavaThread "Java2D Disposer" daemon [_thread_blocked, id=9632, stack(0x0000000011a30000,0x0000000011b30000)]
  0x0000000010dbc000 JavaThread "Service Thread" daemon [_thread_blocked, id=7764, stack(0x00000000118e0000,0x00000000119e0000)]
  0x0000000010db7800 JavaThread "C2 CompilerThread1" daemon [_thread_in_native, id=6340, stack(0x0000000011780000,0x0000000011880000)]
  0x0000000010dac000 JavaThread "C2 CompilerThread0" daemon [_thread_blocked, id=9856, stack(0x00000000115d0000,0x00000000116d0000)]
  0x0000000010dab000 JavaThread "Attach Listener" daemon [_thread_blocked, id=6416, stack(0x0000000011390000,0x0000000011490000)]
  0x0000000010daa000 JavaThread "Signal Dispatcher" daemon [_thread_blocked, id=8896, stack(0x0000000011180000,0x0000000011280000)]
  0x000000000ec97000 JavaThread "Finalizer" daemon [_thread_blocked, id=8020, stack(0x0000000010c60000,0x0000000010d60000)]
  0x000000000ec8e000 JavaThread "Reference Handler" daemon [_thread_blocked, id=6020, stack(0x00000000109e0000,0x0000000010ae0000)]

Other Threads:
  0x000000000ec86000 VMThread [stack: 0x0000000010890000,0x0000000010990000] [id=8716]
  0x0000000010dd7000 WatcherThread [stack: 0x00000000114c0000,0x00000000115c0000] [id=9692]

VM state:not at safepoint (normal execution)

VM Mutex/Monitor currently owned by a thread: None

Heap
 PSYoungGen      total 970880K, used 91052K [0x00000007c0960000, 0x00000007ff840000, 0x0000000800000000)
  eden space 919936K, 9% used [0x00000007c0960000,0x00000007c60d8788,0x00000007f8bc0000)
  from space 50944K, 2% used [0x00000007fc680000,0x00000007fc7f2a58,0x00000007ff840000)
  to   space 55552K, 0% used [0x00000007f8bc0000,0x00000007f8bc0000,0x00000007fc200000)
 ParOldGen       total 386304K, used 182713K [0x0000000741c00000, 0x0000000759540000, 0x00000007c0960000)
  object space 386304K, 47% used [0x0000000741c00000,0x000000074ce6e560,0x0000000759540000)
 PSPermGen       total 44416K, used 20200K [0x000000073ca00000, 0x000000073f560000, 0x0000000741c00000)
  object space 44416K, 45% used [0x000000073ca00000,0x000000073ddba030,0x000000073f560000)

Card table byte_map: [0x00000000059a0000,0x0000000005fc0000] byte_map_base: 0x0000000001fbb000

Polling page: 0x0000000000120000

Code Cache  [0x00000000029a0000, 0x0000000002cb0000, 0x00000000059a0000)
 total_blobs=1666 nmethods=885 adapters=732 free_code_cache=46085Kb largest_free_block=47145664

Compilation events (10 events):
Event: 97.519 Thread 0x0000000010dac000 nmethod 878 0x0000000002ca6050 code [0x0000000002ca6280, 0x0000000002ca6c00]
Event: 97.604 Thread 0x0000000010db7800  879             java.security.AccessController::getContext (23 bytes)
Event: 97.610 Thread 0x0000000010db7800 nmethod 879 0x0000000002ca7690 code [0x0000000002ca7820, 0x0000000002ca7fb8]
Event: 97.752 Thread 0x0000000010dac000  881             java.lang.AbstractStringBuilder::append (48 bytes)
Event: 97.755 Thread 0x0000000010dac000 nmethod 881 0x0000000002c76750 code [0x0000000002c768a0, 0x0000000002c76c78]
Event: 98.278 Thread 0x0000000010db7800  882             bates.jamie.graphics.scene.Model::render (253 bytes)
Event: 98.284 Thread 0x0000000010db7800 nmethod 882 0x0000000002ca8550 code [0x0000000002ca87c0, 0x0000000002ca8f78]
Event: 98.615 Thread 0x0000000010dac000  883             java.lang.StringBuilder::append (8 bytes)
Event: 98.619 Thread 0x0000000010dac000 nmethod 883 0x0000000002c8c450 code [0x0000000002c8c5a0, 0x0000000002c8c978]
Event: 99.561 Thread 0x0000000010db7800  886   !         java.awt.EventDispatchThread::pumpOneEventForFilters (295 bytes)

GC Heap History (10 events):
Event: 23.771 GC heap before
{Heap before GC invocations=26 (full 2):
 PSYoungGen      total 955328K, used 576K [0x00000007c0960000, 0x0000000800000000, 0x0000000800000000)
  eden space 908416K, 0% used [0x00000007c0960000,0x00000007c0960000,0x00000007f8080000)
  from space 46912K, 1% used [0x00000007fd230000,0x00000007fd2c0000,0x0000000800000000)
  to   space 65280K, 0% used [0x00000007f8080000,0x00000007f8080000,0x00000007fc040000)
 ParOldGen       total 223360K, used 187906K [0x0000000741c00000, 0x000000074f620000, 0x00000007c0960000)
  object space 223360K, 84% used [0x0000000741c00000,0x000000074d380b40,0x000000074f620000)
 PSPermGen       total 39232K, used 19485K [0x000000073ca00000, 0x000000073f050000, 0x0000000741c00000)
  object space 39232K, 49% used [0x000000073ca00000,0x000000073dd07600,0x000000073f050000)
Event: 24.198 GC heap after
Heap after GC invocations=26 (full 2):
 PSYoungGen      total 955328K, used 0K [0x00000007c0960000, 0x0000000800000000, 0x0000000800000000)
  eden space 908416K, 0% used [0x00000007c0960000,0x00000007c0960000,0x00000007f8080000)
  from space 46912K, 0% used [0x00000007fd230000,0x00000007fd230000,0x0000000800000000)
  to   space 65280K, 0% used [0x00000007f8080000,0x00000007f8080000,0x00000007fc040000)
 ParOldGen       total 386304K, used 182705K [0x0000000741c00000, 0x0000000759540000, 0x00000007c0960000)
  object space 386304K, 47% used [0x0000000741c00000,0x000000074ce6c560,0x0000000759540000)
 PSPermGen       total 44416K, used 19485K [0x000000073ca00000, 0x000000073f560000, 0x0000000741c00000)
  object space 44416K, 43% used [0x000000073ca00000,0x000000073dd07600,0x000000073f560000)
}
Event: 25.695 GC heap before
{Heap before GC invocations=27 (full 2):
 PSYoungGen      total 955328K, used 908416K [0x00000007c0960000, 0x0000000800000000, 0x0000000800000000)
  eden space 908416K, 100% used [0x00000007c0960000,0x00000007f8080000,0x00000007f8080000)
  from space 46912K, 0% used [0x00000007fd230000,0x00000007fd230000,0x0000000800000000)
  to   space 65280K, 0% used [0x00000007f8080000,0x00000007f8080000,0x00000007fc040000)
 ParOldGen       total 386304K, used 182705K [0x0000000741c00000, 0x0000000759540000, 0x00000007c0960000)
  object space 386304K, 47% used [0x0000000741c00000,0x000000074ce6c560,0x0000000759540000)
 PSPermGen       total 44416K, used 19485K [0x000000073ca00000, 0x000000073f560000, 0x0000000741c00000)
  object space 44416K, 43% used [0x000000073ca00000,0x000000073dd07600,0x000000073f560000)
Event: 25.697 GC heap after
Heap after GC invocations=27 (full 2):
 PSYoungGen      total 973696K, used 576K [0x00000007c0960000, 0x0000000800000000, 0x0000000800000000)
  eden space 908416K, 0% used [0x00000007c0960000,0x00000007c0960000,0x00000007f8080000)
  from space 65280K, 0% used [0x00000007f8080000,0x00000007f8110000,0x00000007fc040000)
  to   space 63168K, 0% used [0x00000007fc250000,0x00000007fc250000,0x0000000800000000)
 ParOldGen       total 386304K, used 182705K [0x0000000741c00000, 0x0000000759540000, 0x00000007c0960000)
  object space 386304K, 47% used [0x0000000741c00000,0x000000074ce6c560,0x0000000759540000)
 PSPermGen       total 44416K, used 19485K [0x000000073ca00000, 0x000000073f560000, 0x0000000741c00000)
  object space 44416K, 43% used [0x000000073ca00000,0x000000073dd07600,0x000000073f560000)
}
Event: 27.197 GC heap before
{Heap before GC invocations=28 (full 2):
 PSYoungGen      total 973696K, used 908992K [0x00000007c0960000, 0x0000000800000000, 0x0000000800000000)
  eden space 908416K, 100% used [0x00000007c0960000,0x00000007f8080000,0x00000007f8080000)
  from space 65280K, 0% used [0x00000007f8080000,0x00000007f8110000,0x00000007fc040000)
  to   space 63168K, 0% used [0x00000007fc250000,0x00000007fc250000,0x0000000800000000)
 ParOldGen       total 386304K, used 182705K [0x0000000741c00000, 0x0000000759540000, 0x00000007c0960000)
  object space 386304K, 47% used [0x0000000741c00000,0x000000074ce6c560,0x0000000759540000)
 PSPermGen       total 44416K, used 19485K [0x000000073ca00000, 0x000000073f560000, 0x0000000741c00000)
  object space 44416K, 43% used [0x000000073ca00000,0x000000073dd07600,0x000000073f560000)
Event: 27.199 GC heap after
Heap after GC invocations=28 (full 2):
 PSYoungGen      total 966848K, used 608K [0x00000007c0960000, 0x00000007ff950000, 0x0000000800000000)
  eden space 910528K, 0% used [0x00000007c0960000,0x00000007c0960000,0x00000007f8290000)
  from space 56320K, 1% used [0x00000007fc250000,0x00000007fc2e8000,0x00000007ff950000)
  to   space 60800K, 0% used [0x00000007f8290000,0x00000007f8290000,0x00000007fbdf0000)
 ParOldGen       total 386304K, used 182705K [0x0000000741c00000, 0x0000000759540000, 0x00000007c0960000)
  object space 386304K, 47% used [0x0000000741c00000,0x000000074ce6c560,0x0000000759540000)
 PSPermGen       total 44416K, used 19485K [0x000000073ca00000, 0x000000073f560000, 0x0000000741c00000)
  object space 44416K, 43% used [0x000000073ca00000,0x000000073dd07600,0x000000073f560000)
}
Event: 28.923 GC heap before
{Heap before GC invocations=29 (full 2):
 PSYoungGen      total 966848K, used 911136K [0x00000007c0960000, 0x00000007ff950000, 0x0000000800000000)
  eden space 910528K, 100% used [0x00000007c0960000,0x00000007f8290000,0x00000007f8290000)
  from space 56320K, 1% used [0x00000007fc250000,0x00000007fc2e8000,0x00000007ff950000)
  to   space 60800K, 0% used [0x00000007f8290000,0x00000007f8290000,0x00000007fbdf0000)
 ParOldGen       total 386304K, used 182705K [0x0000000741c00000, 0x0000000759540000, 0x00000007c0960000)
  object space 386304K, 47% used [0x0000000741c00000,0x000000074ce6c560,0x0000000759540000)
 PSPermGen       total 44416K, used 19517K [0x000000073ca00000, 0x000000073f560000, 0x0000000741c00000)
  object space 44416K, 43% used [0x000000073ca00000,0x000000073dd0f7e0,0x000000073f560000)
Event: 28.926 GC heap after
Heap after GC invocations=29 (full 2):
 PSYoungGen      total 971328K, used 992K [0x00000007c0960000, 0x00000007fff60000, 0x0000000800000000)
  eden space 910528K, 0% used [0x00000007c0960000,0x00000007c0960000,0x00000007f8290000)
  from space 60800K, 1% used [0x00000007f8290000,0x00000007f8388000,0x00000007fbdf0000)
  to   space 58240K, 0% used [0x00000007fc680000,0x00000007fc680000,0x00000007fff60000)
 ParOldGen       total 386304K, used 182705K [0x0000000741c00000, 0x0000000759540000, 0x00000007c0960000)
  object space 386304K, 47% used [0x0000000741c00000,0x000000074ce6c560,0x0000000759540000)
 PSPermGen       total 44416K, used 19517K [0x000000073ca00000, 0x000000073f560000, 0x0000000741c00000)
  object space 44416K, 43% used [0x000000073ca00000,0x000000073dd0f7e0,0x000000073f560000)
}
Event: 95.492 GC heap before
{Heap before GC invocations=30 (full 2):
 PSYoungGen      total 971328K, used 911520K [0x00000007c0960000, 0x00000007fff60000, 0x0000000800000000)
  eden space 910528K, 100% used [0x00000007c0960000,0x00000007f8290000,0x00000007f8290000)
  from space 60800K, 1% used [0x00000007f8290000,0x00000007f8388000,0x00000007fbdf0000)
  to   space 58240K, 0% used [0x00000007fc680000,0x00000007fc680000,0x00000007fff60000)
 ParOldGen       total 386304K, used 182705K [0x0000000741c00000, 0x0000000759540000, 0x00000007c0960000)
  object space 386304K, 47% used [0x0000000741c00000,0x000000074ce6c560,0x0000000759540000)
 PSPermGen       total 44416K, used 20115K [0x000000073ca00000, 0x000000073f560000, 0x0000000741c00000)
  object space 44416K, 45% used [0x000000073ca00000,0x000000073dda4d38,0x000000073f560000)
Event: 95.494 GC heap after
Heap after GC invocations=30 (full 2):
 PSYoungGen      total 970880K, used 1482K [0x00000007c0960000, 0x00000007ff840000, 0x0000000800000000)
  eden space 919936K, 0% used [0x00000007c0960000,0x00000007c0960000,0x00000007f8bc0000)
  from space 50944K, 2% used [0x00000007fc680000,0x00000007fc7f2a58,0x00000007ff840000)
  to   space 55552K, 0% used [0x00000007f8bc0000,0x00000007f8bc0000,0x00000007fc200000)
 ParOldGen       total 386304K, used 182713K [0x0000000741c00000, 0x0000000759540000, 0x00000007c0960000)
  object space 386304K, 47% used [0x0000000741c00000,0x000000074ce6e560,0x0000000759540000)
 PSPermGen       total 44416K, used 20115K [0x000000073ca00000, 0x000000073f560000, 0x0000000741c00000)
  object space 44416K, 45% used [0x000000073ca00000,0x000000073dda4d38,0x000000073f560000)
}

Deoptimization events (10 events):
Event: 92.890 Thread 0x0000000010f26800 Uncommon trap -83 fr.pc 0x0000000002c4e34c
Event: 94.330 Thread 0x0000000010f26800 Uncommon trap -34 fr.pc 0x0000000002ac6ea0
Event: 94.330 Thread 0x0000000010f26800 Uncommon trap -34 fr.pc 0x0000000002ac6ea0
Event: 94.332 Thread 0x0000000010f26800 Uncommon trap -83 fr.pc 0x0000000002c0c3c4
Event: 94.332 Thread 0x0000000010f26800 Uncommon trap -83 fr.pc 0x0000000002c0cb50
Event: 94.332 Thread 0x0000000010f26800 Uncommon trap -12 fr.pc 0x0000000002c0d9ac
Event: 94.334 Thread 0x0000000010f26800 Uncommon trap -83 fr.pc 0x0000000002a3f32c
Event: 94.334 Thread 0x0000000010f26800 Uncommon trap -83 fr.pc 0x0000000002a25130
Event: 94.345 Thread 0x0000000010f26800 Uncommon trap -34 fr.pc 0x0000000002ac6ea0
Event: 94.345 Thread 0x0000000010f26800 Uncommon trap -34 fr.pc 0x0000000002ac6ea0

Internal exceptions (10 events):
Event: 28.944 Thread 0x0000000010f26800 Threw 0x00000007c0aabf48 at C:\jdk7u2_64p\jdk7u13\hotspot\src\share\vm\prims\jvm.cpp:1166
Event: 28.945 Thread 0x0000000010f26800 Threw 0x00000007c0ab2aa8 at C:\jdk7u2_64p\jdk7u13\hotspot\src\share\vm\prims\jvm.cpp:1166
Event: 28.952 Thread 0x0000000010f26800 Threw 0x00000007c0abf4e8 at C:\jdk7u2_64p\jdk7u13\hotspot\src\share\vm\prims\jvm.cpp:1166
Event: 28.981 Thread 0x00000000137da000 Threw 0x00000007c1b3c4a8 at C:\jdk7u2_64p\jdk7u13\hotspot\src\share\vm\prims\jvm.cpp:1166
Event: 30.579 Thread 0x0000000010f26800 Threw 0x00000007c2930278 at C:\jdk7u2_64p\jdk7u13\hotspot\src\share\vm\prims\jvm.cpp:1166
Event: 94.332 Thread 0x0000000010f26800 Implicit null exception at 0x0000000002c0c112 to 0x0000000002c0c399
Event: 94.332 Thread 0x0000000010f26800 Implicit null exception at 0x0000000002c0c9e2 to 0x0000000002c0cb39
Event: 94.332 Thread 0x0000000010f26800 Implicit null exception at 0x0000000002c0d5df to 0x0000000002c0d9a1
Event: 94.334 Thread 0x0000000010f26800 Implicit null exception at 0x0000000002a3efd6 to 0x0000000002a3f315
Event: 94.334 Thread 0x0000000010f26800 Implicit null exception at 0x0000000002a24dd6 to 0x0000000002a25119

Events (10 events):
Event: 96.396 loading class 0x000000001df04700 done
Event: 96.396 loading class 0x000000001325c770 done
Event: 96.597 loading class 0x0000000013270be0
Event: 96.597 loading class 0x0000000013270be0 done
Event: 99.579 loading class 0x000000001369cee0
Event: 99.579 loading class 0x000000001369cee0 done
Event: 99.580 loading class 0x000000001369d930
Event: 99.581 loading class 0x000000001369d930 done
Event: 99.583 loading class 0x0000000010e903c0
Event: 99.584 loading class 0x0000000010e903c0 done


Dynamic libraries:
0x000000013fe10000 - 0x000000013fe43000 	C:\Program Files\Java\jre7\bin\javaw.exe
0x0000000077420000 - 0x00000000775c9000 	C:\Windows\SYSTEM32\ntdll.dll
0x0000000076e90000 - 0x0000000076faf000 	C:\Windows\system32\kernel32.dll
0x000007fefcd90000 - 0x000007fefcdfb000 	C:\Windows\system32\KERNELBASE.dll
0x000007fefd0d0000 - 0x000007fefd1ab000 	C:\Windows\system32\ADVAPI32.dll
0x000007fefe9f0000 - 0x000007fefea8f000 	C:\Windows\system32\msvcrt.dll
0x000007fefe690000 - 0x000007fefe6af000 	C:\Windows\SYSTEM32\sechost.dll
0x000007fefe8c0000 - 0x000007fefe9ed000 	C:\Windows\system32\RPCRT4.dll
0x0000000077320000 - 0x000000007741a000 	C:\Windows\system32\USER32.dll
0x000007fefd4d0000 - 0x000007fefd537000 	C:\Windows\system32\GDI32.dll
0x000007fefd540000 - 0x000007fefd54e000 	C:\Windows\system32\LPK.dll
0x000007fefd200000 - 0x000007fefd2c9000 	C:\Windows\system32\USP10.dll
0x000007fefb2e0000 - 0x000007fefb4d4000 	C:\Windows\WinSxS\amd64_microsoft.windows.common-controls_6595b64144ccf1df_6.0.7601.17514_none_fa396087175ac9ac\COMCTL32.dll
0x000007fefe420000 - 0x000007fefe491000 	C:\Windows\system32\SHLWAPI.dll
0x000007fefd550000 - 0x000007fefd57e000 	C:\Windows\system32\IMM32.DLL
0x000007fefd580000 - 0x000007fefd689000 	C:\Windows\system32\MSCTF.dll
0x000007fefcba0000 - 0x000007fefcbe0000 	C:\Windows\system32\nvinitx.dll
0x000000000f000000 - 0x000000000f006000 	C:\Program Files\NVIDIA Corporation\CoProcManager\_etoured.dll
0x000007fefa020000 - 0x000007fefa074000 	C:\Program Files\NVIDIA Corporation\CoProcManager\nvd3d9wrapx.dll
0x000007fefd2d0000 - 0x000007fefd4a7000 	C:\Windows\system32\SETUPAPI.dll
0x000007fefce00000 - 0x000007fefce36000 	C:\Windows\system32\CFGMGR32.dll
0x000007fefe540000 - 0x000007fefe617000 	C:\Windows\system32\OLEAUT32.dll
0x000007fefe6b0000 - 0x000007fefe8b3000 	C:\Windows\system32\ole32.dll
0x000007fefcd70000 - 0x000007fefcd8a000 	C:\Windows\system32\DEVOBJ.dll
0x000007fef9ed0000 - 0x000007fef9f13000 	C:\Program Files\NVIDIA Corporation\CoProcManager\nvdxgiwrapx.dll
0x0000000056830000 - 0x0000000056901000 	C:\Program Files\Java\jre7\bin\msvcr100.dll
0x0000000056110000 - 0x000000005682f000 	C:\Program Files\Java\jre7\bin\server\jvm.dll
0x000007fef4540000 - 0x000007fef4549000 	C:\Windows\system32\WSOCK32.dll
0x000007fefd1b0000 - 0x000007fefd1fd000 	C:\Windows\system32\WS2_32.dll
0x000007fefe620000 - 0x000007fefe628000 	C:\Windows\system32\NSI.dll
0x000007fefab10000 - 0x000007fefab4b000 	C:\Windows\system32\WINMM.dll
0x00000000775f0000 - 0x00000000775f7000 	C:\Windows\system32\PSAPI.DLL
0x0000000063cc0000 - 0x0000000063ccf000 	C:\Program Files\Java\jre7\bin\verify.dll
0x0000000063b70000 - 0x0000000063b98000 	C:\Program Files\Java\jre7\bin\java.dll
0x0000000063b50000 - 0x0000000063b65000 	C:\Program Files\Java\jre7\bin\zip.dll
0x0000000055ad0000 - 0x0000000055c63000 	C:\Program Files\Java\jre7\bin\awt.dll
0x000007fefb130000 - 0x000007fefb186000 	C:\Windows\system32\uxtheme.dll
0x000007fefb0b0000 - 0x000007fefb0c8000 	C:\Windows\system32\dwmapi.dll
0x000007fefcad0000 - 0x000007fefcadf000 	C:\Windows\system32\CRYPTBASE.dll
0x000007fefd690000 - 0x000007fefe418000 	C:\Windows\system32\SHELL32.dll
0x0000000050cb0000 - 0x0000000050ce4000 	C:\Program Files\Java\jre7\bin\fontmanager.dll
0x0000000063b30000 - 0x0000000063b49000 	C:\Program Files\Java\jre7\bin\net.dll
0x0000000180000000 - 0x0000000180035000 	C:\Windows\system32\BfLLR.dll
0x000007fefbd40000 - 0x000007fefbd67000 	C:\Windows\system32\IPHLPAPI.DLL
0x000007fefbd30000 - 0x000007fefbd3b000 	C:\Windows\system32\WINNSI.DLL
0x000007fefbd10000 - 0x000007fefbd28000 	C:\Windows\system32\dhcpcsvc.DLL
0x000007fefbcf0000 - 0x000007fefbd01000 	C:\Windows\system32\dhcpcsvc6.DLL
0x000007fefc410000 - 0x000007fefc465000 	C:\Windows\system32\mswsock.dll
0x000007fefc400000 - 0x000007fefc407000 	C:\Windows\System32\wship6.dll
0x0000000063b10000 - 0x0000000063b21000 	C:\Program Files\Java\jre7\bin\nio.dll
0x000007fefc470000 - 0x000007fefc487000 	C:\Windows\system32\CRYPTSP.dll
0x000007fefc170000 - 0x000007fefc1b7000 	C:\Windows\system32\rsaenh.dll
0x000007fefbea0000 - 0x000007fefbebe000 	C:\Windows\system32\USERENV.dll
0x000007fefcbe0000 - 0x000007fefcbef000 	C:\Windows\system32\profapi.dll
0x000007fefa8c0000 - 0x000007fefa8d5000 	C:\Windows\system32\NLAapi.dll
0x000007fef0810000 - 0x000007fef0825000 	C:\Windows\system32\napinsp.dll
0x000007fef07f0000 - 0x000007fef0809000 	C:\Windows\system32\pnrpnsp.dll
0x000007fefc290000 - 0x000007fefc2eb000 	C:\Windows\system32\DNSAPI.dll
0x000007fef07e0000 - 0x000007fef07eb000 	C:\Windows\System32\winrnr.dll
0x000007fefa3c0000 - 0x000007fefa3d0000 	C:\Windows\system32\wshbth.dll
0x000007fef7f60000 - 0x000007fef7f8f000 	C:\Program Files\Common Files\Microsoft Shared\Windows Live\WLIDNSP.DLL
0x000007fefbce0000 - 0x000007fefbce7000 	C:\Windows\System32\wshtcpip.dll
0x000007fef7f50000 - 0x000007fef7f58000 	C:\Windows\system32\rasadhlp.dll
0x000007fefa200000 - 0x000007fefa253000 	C:\Windows\System32\fwpuclnt.dll
0x00000000637c0000 - 0x00000000637ca000 	C:\Users\Jamie\AppData\Local\Temp\jogamp_0000\file_cache\jln6711549783055390699\jln7271404739506572721\gluegen-rt.dll
0x0000000054420000 - 0x0000000054427000 	C:\Program Files\Java\jre7\bin\jawt.dll
0x000000006a440000 - 0x000000006a44b000 	C:\Users\Jamie\AppData\Local\Temp\jogamp_0000\file_cache\jln6711549783055390699\jln7271404739506572721\nativewindow_awt.dll
0x000000006c100000 - 0x000000006c10b000 	C:\Users\Jamie\AppData\Local\Temp\jogamp_0000\file_cache\jln6711549783055390699\jln7271404739506572721\nativewindow_win32.dll
0x000007fee7ec0000 - 0x000007fee7fdd000 	C:\Windows\system32\OpenGL32.dll
0x000007fef12c0000 - 0x000007fef12ed000 	C:\Windows\system32\GLU32.dll
0x000007feea4e0000 - 0x000007feea5d1000 	C:\Windows\system32\DDRAW.dll
0x000007fefa770000 - 0x000007fefa778000 	C:\Windows\system32\DCIMAN32.dll
0x0000000064500000 - 0x000000006458d000 	C:\Users\Jamie\AppData\Local\Temp\jogamp_0000\file_cache\jln6711549783055390699\jln7271404739506572721\jogl_desktop.dll
0x000007fefcc90000 - 0x000007fefccc9000 	C:\Windows\system32\WINTRUST.dll
0x000007fefce40000 - 0x000007fefcfaa000 	C:\Windows\system32\CRYPT32.dll
0x000007fefcc80000 - 0x000007fefcc8f000 	C:\Windows\system32\MSASN1.dll
0x0000000013e50000 - 0x00000000157a1000 	C:\Windows\system32\nvoglv64.DLL
0x000007fefbc10000 - 0x000007fefbc1c000 	C:\Windows\system32\VERSION.dll
0x000007fefab50000 - 0x000007fefab7d000 	C:\Windows\system32\ntmarta.dll
0x000007fefe630000 - 0x000007fefe682000 	C:\Windows\system32\WLDAP32.dll
0x000007fefe4a0000 - 0x000007fefe539000 	C:\Windows\system32\CLBCatQ.DLL
0x000007fefab80000 - 0x000007feface1000 	C:\Windows\system32\WindowsCodecs.dll
0x000007fefca70000 - 0x000007fefcac7000 	C:\Windows\system32\apphelp.dll
0x000007fef6220000 - 0x000007fef625c000 	C:\Users\Jamie\AppData\Local\Microsoft\SkyDrive\16.4.6013.0910\amd64\SkyDriveShell64.dll
0x000007fef6170000 - 0x000007fef6217000 	C:\Users\Jamie\AppData\Local\Microsoft\SkyDrive\16.4.6013.0910\amd64\MSVCP110.dll
0x000007fef60a0000 - 0x000007fef616e000 	C:\Users\Jamie\AppData\Local\Microsoft\SkyDrive\16.4.6013.0910\amd64\MSVCR110.dll
0x0000000076fb0000 - 0x000000007710b000 	C:\Windows\system32\WININET.dll
0x00000000775e0000 - 0x00000000775e3000 	C:\Windows\system32\Normaliz.dll
0x0000000077110000 - 0x0000000077320000 	C:\Windows\system32\iertutil.dll
0x0000000076d40000 - 0x0000000076e8d000 	C:\Windows\system32\urlmon.dll
0x000007fef6070000 - 0x000007fef609a000 	C:\Users\Jamie\AppData\Roaming\Dropbox\bin\DropboxExt64.17.dll
0x000007fef5f40000 - 0x000007fef6065000 	C:\Windows\system32\dbghelp.dll
0x000000006f330000 - 0x000000006f403000 	C:\Windows\WinSxS\amd64_microsoft.vc90.crt_1fc8b3b9a1e18e3b_9.0.30729.6161_none_08e61857a83bc251\MSVCP90.dll
0x000000006f280000 - 0x000000006f323000 	C:\Windows\WinSxS\amd64_microsoft.vc90.crt_1fc8b3b9a1e18e3b_9.0.30729.6161_none_08e61857a83bc251\MSVCR90.dll
0x000007fef5d70000 - 0x000007fef5da5000 	C:\Windows\system32\EhStorShell.dll
0x000007fefb4e0000 - 0x000007fefb60c000 	C:\Windows\system32\PROPSYS.dll
0x000007fef5cf0000 - 0x000007fef5d70000 	C:\Windows\system32\ntshrui.dll
0x000007fefc7d0000 - 0x000007fefc7f3000 	C:\Windows\system32\srvcli.dll
0x000007fef70b0000 - 0x000007fef70bf000 	C:\Windows\system32\cscapi.dll
0x000007fefa7e0000 - 0x000007fefa7eb000 	C:\Windows\system32\slc.dll
0x0000000050c60000 - 0x0000000050ca1000 	C:\Program Files\Java\jre7\bin\t2k.dll
0x0000000050c30000 - 0x0000000050c60000 	C:\Program Files\Java\jre7\bin\jpeg.dll
0x0000000050ae0000 - 0x0000000050b19000 	C:\Program Files\Java\jre7\bin\kcms.dll
0x0000000006400000 - 0x0000000006416000 	C:\Users\Jamie\Documents\GitHub\Mario-Kart-GL\Mario-Kart-OpenGL-Demo\jinput-dx8_64.dll
0x000007fef1280000 - 0x000007fef12bc000 	C:\Windows\system32\DINPUT8.dll
0x000007fefb0d0000 - 0x000007fefb0db000 	C:\Windows\system32\HID.DLL
0x0000000006d90000 - 0x0000000006da4000 	C:\Users\Jamie\Documents\GitHub\Mario-Kart-GL\Mario-Kart-OpenGL-Demo\jinput-raw_64.dll
0x000007fef4570000 - 0x000007fef51b9000 	C:\Windows\system32\igd10umd64.dll

VM Arguments:
jvm_args: -Dfile.encoding=Cp1252 
java_command: bates.jamie.graphics.scene.Scene
Launcher Type: SUN_STANDARD

Environment Variables:
CLASSPATH=.;.;C:\PROGRA~2\JMF21~1.1E\lib\sound.jar;C:\PROGRA~2\JMF21~1.1E\lib\jmf.jar;C:\PROGRA~2\JMF21~1.1E\lib;
PATH=C:\Program Files\Common Files\Microsoft Shared\Windows Live;C:\Program Files (x86)\Common Files\Microsoft Shared\Windows Live;c:\Program Files (x86)\Intel\iCLS Client\;c:\Program Files\Intel\iCLS Client\;C:\Program Files (x86)\NVIDIA Corporation\PhysX\Common;C:\Windows\system32;C:\Windows;C:\Windows\System32\Wbem;C:\Windows\System32\WindowsPowerShell\v1.0\;C:\Program Files\Intel\Intel(R) Management Engine Components\DAL;C:\Program Files\Intel\Intel(R) Management Engine Components\IPT;C:\Program Files (x86)\Intel\Intel(R) Management Engine Components\DAL;C:\Program Files (x86)\Intel\Intel(R) Management Engine Components\IPT;C:\Program Files (x86)\Windows Live\Shared
USERNAME=Jamie
OS=Windows_NT
PROCESSOR_IDENTIFIER=Intel64 Family 6 Model 58 Stepping 9, GenuineIntel



---------------  S Y S T E M  ---------------

OS: Windows 7 , 64 bit Build 7601 Service Pack 1

CPU:total 8 (4 cores per cpu, 2 threads per core) family 6 model 58 stepping 9, cmov, cx8, fxsr, mmx, sse, sse2, sse3, ssse3, sse4.1, sse4.2, popcnt, avx, ht, tsc, tscinvbit, tscinv

Memory: 4k page, physical 12462396k(7005840k free), swap 24922932k(18253728k free)

vm_info: Java HotSpot(TM) 64-Bit Server VM (23.7-b01) for windows-amd64 JRE (1.7.0_13-b20), built on Jan 30 2013 10:10:00 by "java_re" with unknown MS VC++:1600

time: Tue Apr 23 01:26:12 2013
elapsed time: 99 seconds

